<?xml version="1.0" encoding="UTF-8"?>
<!-- Generated by org.testng.reporters.JUnitXMLReporter -->
<testsuite ignored="0" hostname="DESKTOP-ELK5FML" failures="3" tests="4" name="ExtentReport" time="154.012" errors="0" timestamp="2020-07-01T13:15:56 EDT">
  <testcase classname="ExtentreportwithdpTest" name="verifygooglepagetitle_1.0" time="1.405"/>
  <testcase classname="ExtentreportwithdpTest" name="verifygooglepagetitle_2.0" time="0.704">
    <failure type="java.lang.AssertionError" message="Mismatch of title expected [Googles] but found [Google]">
      <![CDATA[java.lang.AssertionError: Mismatch of title expected [Googles] but found [Google]
at ExtentreportwithdpTest.verifygooglepagetitle(ExtentreportwithdpTest.java:82)
at java.base/java.util.ArrayList.forEach(ArrayList.java:1507)
... Removed 35 stack frames]]>
    </failure>
  </testcase> <!-- verifygooglepagetitle_2.0 -->
  <testcase classname="ExtentreportwithdpTest" name="verifygmailpagetitle_1.0" time="7.258">
    <failure type="java.lang.AssertionError" message="Mismatch of title expected [Gmail] but found [Gmail - Email from Google]">
      <![CDATA[java.lang.AssertionError: Mismatch of title expected [Gmail] but found [Gmail - Email from Google]
at ExtentreportwithdpTest.verifygmailpagetitle(ExtentreportwithdpTest.java:91)
at java.base/java.util.ArrayList.forEach(ArrayList.java:1507)
... Removed 35 stack frames]]>
    </failure>
  </testcase> <!-- verifygmailpagetitle_1.0 -->
  <testcase classname="ExtentreportwithdpTest" name="verifygmailpagetitle_2.0" time="34.345">
    <failure type="java.lang.AssertionError" message="Mismatch of title expected [Gmail] but found [Gmail - Email from Google]">
      <![CDATA[java.lang.AssertionError: Mismatch of title expected [Gmail] but found [Gmail - Email from Google]
at ExtentreportwithdpTest.verifygmailpagetitle(ExtentreportwithdpTest.java:91)
at java.base/java.util.ArrayList.forEach(ArrayList.java:1507)
... Removed 35 stack frames]]>
    </failure>
  </testcase> <!-- verifygmailpagetitle_2.0 -->
</testsuite> <!-- ExtentReport -->
