<?xml version="1.0" encoding="UTF-8"?>
<!-- Generated by org.testng.reporters.JUnitXMLReporter -->
<testsuite ignored="0" hostname="DESKTOP-ELK5FML" failures="1" tests="2" name="ExtentReport" time="51.261" errors="0" timestamp="2020-07-01T13:37:19 EDT">
  <testcase classname="ExtentreportwithdpTest" name="verifygooglepagetitle_1.0" time="0.972"/>
  <testcase classname="ExtentreportwithdpTest" name="verifygooglepagetitle_2.0" time="0.956">
    <failure type="java.lang.AssertionError" message="Mismatch of title expected [Googles] but found [Google]">
      <![CDATA[java.lang.AssertionError: Mismatch of title expected [Googles] but found [Google]
at ExtentreportwithdpTest.verifygooglepagetitle(ExtentreportwithdpTest.java:82)
at java.base/java.util.ArrayList.forEach(ArrayList.java:1507)
... Removed 35 stack frames]]>
    </failure>
  </testcase> <!-- verifygooglepagetitle_2.0 -->
</testsuite> <!-- ExtentReport -->
