<?xml version="1.0" encoding="UTF-8"?>
<testsuite xmlns:xsi="http://www.w3.org/2001/XMLSchema-instance" xsi:noNamespaceSchemaLocation="https://maven.apache.org/surefire/maven-surefire-plugin/xsd/surefire-test-report-3.0.xsd" version="3.0" name="TestSuite" time="53.75" tests="2" errors="0" skipped="0" failures="1">
  <properties>
[...]
</properties>
  <testcase name="verifygooglepagetitle_1.0" classname="ExtentreportwithdpTest" time="0.978"/>
  <testcase name="verifygooglepagetitle_2.0" classname="ExtentreportwithdpTest" time="0.977">
    <failure message="Mismatch of title expected [Googles] but found [Google]" type="java.lang.AssertionError">java.lang.AssertionError: Mismatch of title expected [Googles] but found [Google]
	at ExtentreportwithdpTest.verifygooglepagetitle(ExtentreportwithdpTest.java:82)
</failure>
    <system-out><![CDATA[verifygooglepagetitle_1.0
verifygooglepagetitle started!
]]></system-out>
    <system-err><![CDATA[Starting ChromeDriver 2.40.565498 (ea082db3280dd6843ebfb08a625e3eb905c4f5ab) on port 7773
Only local connections are allowed.
[1593625019.638][WARNING]: Timed out connecting to Chrome, retrying...
Jul. 01, 2020 1:37:02 P.M. org.openqa.selenium.remote.ProtocolHandshake createSession
INFO: Detected dialect: OSS
[1593625034.628][WARNING]: Timed out connecting to Chrome, retrying...
]]></system-err>
  </testcase>
</testsuite>