-------------------------------------------------------------------------------
Test set: TestSuite
-------------------------------------------------------------------------------
Tests run: 2, Failures: 1, Errors: 0, Skipped: 0, Time elapsed: 53.75 s <<< FAILURE! - in TestSuite
verifygooglepagetitle_2.0(ExtentreportwithdpTest)  Time elapsed: 0.977 s  <<< FAILURE!
java.lang.AssertionError: Mismatch of title expected [Googles] but found [Google]
	at ExtentreportwithdpTest.verifygooglepagetitle(ExtentreportwithdpTest.java:82)

